\BOOKMARK [1][-]{section.1}{\376\377\000I\000n\000t\000r\000o\000d\000u\000c\000t\000i\000o\000n}{}% 1
\BOOKMARK [1][-]{section.4}{\376\377\000M\000a\000i\000n\000\040\000T\000h\000e\000o\000r\000e\000m}{}% 2
\BOOKMARK [2][-]{subsection.5}{\376\377\000P\000r\000o\000b\000l\000e\000m\000\040\000F\000o\000r\000m\000u\000l\000a\000t\000i\000o\000n\000\040\000a\000n\000d\000\040\000N\000o\000t\000a\000t\000i\000o\000n}{section.4}% 3
\BOOKMARK [2][-]{subsection.9}{\376\377\000C\000o\000r\000e\000\040\000D\000e\000f\000i\000n\000i\000t\000i\000o\000n\000s\000\040\000a\000n\000d\000\040\000a\000\040\000K\000e\000y\000\040\000L\000e\000m\000m\000a}{section.4}% 4
\BOOKMARK [2][-]{subsection.28}{\376\377\000M\000a\000i\000n\000\040\000T\000h\000e\000o\000r\000e\000m\000\040\000a\000n\000d\000\040\000i\000t\000s\000\040\000P\000r\000o\000o\000f}{section.4}% 5
\BOOKMARK [1][-]{section.41}{\376\377\000M\000a\000i\000n\000\040\000A\000l\000g\000o\000r\000i\000t\000h\000m\000s}{}% 6
\BOOKMARK [2][-]{subsection.42}{\376\377\000F\000a\000s\000t\000\040\000Q\000R\000\040\000f\000a\000c\000t\000o\000r\000i\000z\000a\000t\000i\000o\000n\000\040\000f\000o\000r\000\040\000B\000P\000S\000\040\000M\000a\000t\000r\000i\000c\000e\000s}{section.41}% 7
\BOOKMARK [2][-]{subsection.53}{\376\377\000F\000a\000s\000t\000\040\000S\000o\000l\000v\000e\000r\000\040\000f\000o\000r\000\040\000B\000P\000S\000\040\000M\000a\000t\000r\000i\000c\000e\000s}{section.41}% 8
\BOOKMARK [3][-]{subsubsection.54}{\376\377\000F\000a\000s\000t\000\040\000A\000p\000p\000l\000i\000c\000a\000t\000i\000o\000n\000\040\000o\000f\000\040\000\040\000Q}{subsection.53}% 9
\BOOKMARK [3][-]{subsubsection.60}{\376\377\000F\000a\000s\000t\000\040\000B\000a\000c\000k\000w\000a\000r\000d\000\040\000S\000u\000b\000s\000t\000i\000t\000u\000t\000i\000o\000n}{subsection.53}% 10
\BOOKMARK [3][-]{subsubsection.65}{\376\377\000O\000v\000e\000r\000a\000l\000l\000\040\000S\000o\000l\000v\000e\000r\000\040\000C\000o\000m\000p\000l\000e\000x\000i\000t\000y}{subsection.53}% 11
\BOOKMARK [1][-]{section.67}{\376\377\000F\000a\000s\000t\000\040\000R\000Q\000\040\000C\000o\000m\000p\000u\000t\000a\000t\000i\000o\000n\000\040\000f\000o\000r\000\040\000S\000y\000m\000m\000e\000t\000r\000i\000c\000\040\000B\000P\000S\000\040\000M\000a\000t\000r\000i\000c\000e\000s}{}% 12
\BOOKMARK [2][-]{subsection.68}{\376\377\000S\000t\000r\000u\000c\000t\000u\000r\000e\000,\000\040\000D\000e\000f\000i\000n\000i\000t\000i\000o\000n\000s\000,\000\040\000a\000n\000d\000\040\000a\000\040\000K\000e\000y\000\040\000L\000e\000m\000m\000a\000\040\000f\000o\000r\000\040\000t\000h\000e\000\040\000S\000y\000m\000m\000e\000t\000r\000i\000c\000\040\000C\000a\000s\000e}{section.67}% 13
\BOOKMARK [2][-]{subsection.85}{\376\377\000S\000t\000r\000u\000c\000t\000u\000r\000e\000-\000P\000r\000e\000s\000e\000r\000v\000i\000n\000g\000\040\000T\000h\000e\000o\000r\000e\000m\000\040\000f\000o\000r\000\040\000R\000Q}{section.67}% 14
\BOOKMARK [2][-]{subsection.93}{\376\377\000F\000a\000s\000t\000\040\000R\000Q\000\040\000M\000u\000l\000t\000i\000p\000l\000i\000c\000a\000t\000i\000o\000n}{section.67}% 15
\BOOKMARK [1][-]{section.97}{\376\377\000N\000u\000m\000e\000r\000i\000c\000a\000l\000\040\000r\000e\000s\000u\000l\000t\000s}{}% 16
\BOOKMARK [2][-]{subsection.98}{\376\377\000L\000i\000n\000e\000a\000r\000\040\000C\000o\000m\000p\000l\000e\000x\000i\000t\000y\000\040\000V\000e\000r\000i\000f\000i\000c\000a\000t\000i\000o\000n}{section.97}% 17
\BOOKMARK [2][-]{section*.107}{\376\377\000N\000u\000m\000e\000r\000i\000c\000a\000l\000\040\000S\000t\000a\000b\000i\000l\000i\000t\000y\000\040\000o\000f\000\040\000t\000h\000e\000\040\000Q\000R\000\040\000S\000o\000l\000v\000e\000r}{section.97}% 18
\BOOKMARK [2][-]{figure.110}{\376\377\000C\000o\000m\000p\000a\000r\000i\000s\000o\000n\000\040\000w\000i\000t\000h\000\040\000H\000O\000D\000L\000R\000\040\000Q\000R}{section.97}% 19
\BOOKMARK [1][-]{section.112}{\376\377\000C\000o\000n\000c\000l\000u\000s\000i\000o\000n\000s}{}% 20
\BOOKMARK [1][-]{section*.113}{\376\377\000R\000e\000f\000e\000r\000e\000n\000c\000e\000s}{}% 21
