This is pdfTeX, Version 3.141592653-2.6-1.40.25 (TeX Live 2023) (preloaded format=pdflatex 2023.12.12)  26 MAR 2026 14:00
entering extended mode
 restricted \write18 enabled.
 file:line:error style messages enabled.
 %&-line parsing enabled.
**article.tex
(./article.tex
LaTeX2e <2022-11-01> patch level 1
L3 programming layer <2023-02-22> (./siamart171218.cls
Document Class: siamart171218 2017/12/18 v1.4.2 LaTeX document e-class
(/usr/local/texlive/2023/texmf-dist/tex/latex/amsmath/amsmath.sty
Package: amsmath 2022/04/08 v2.17n AMS math features
\@mathmargin=\skip48

For additional information on amsmath, use the `?' option.
(/usr/local/texlive/2023/texmf-dist/tex/latex/amsmath/amstext.sty
Package: amstext 2021/08/26 v2.01 AMS text

(/usr/local/texlive/2023/texmf-dist/tex/latex/amsmath/amsgen.sty
File: amsgen.sty 1999/11/30 v2.0 generic functions
\@emptytoks=\toks16
\ex@=\dimen140
))
(/usr/local/texlive/2023/texmf-dist/tex/latex/amsmath/amsbsy.sty
Package: amsbsy 1999/11/29 v1.2d Bold Symbols
\pmbraise@=\dimen141
)
(/usr/local/texlive/2023/texmf-dist/tex/latex/amsmath/amsopn.sty
Package: amsopn 2022/04/08 v2.04 operator names
)
\inf@bad=\count185
LaTeX Info: Redefining \frac on input line 234.
\uproot@=\count186
\leftroot@=\count187
LaTeX Info: Redefining \overline on input line 399.
LaTeX Info: Redefining \colon on input line 410.
\classnum@=\count188
\DOTSCASE@=\count189
LaTeX Info: Redefining \ldots on input line 496.
LaTeX Info: Redefining \dots on input line 499.
LaTeX Info: Redefining \cdots on input line 620.
\Mathstrutbox@=\box51
\strutbox@=\box52
LaTeX Info: Redefining \big on input line 722.
LaTeX Info: Redefining \Big on input line 723.
LaTeX Info: Redefining \bigg on input line 724.
LaTeX Info: Redefining \Bigg on input line 725.
\big@size=\dimen142
LaTeX Font Info:    Redeclaring font encoding OML on input line 743.
LaTeX Font Info:    Redeclaring font encoding OMS on input line 744.
\macc@depth=\count190
LaTeX Info: Redefining \bmod on input line 905.
LaTeX Info: Redefining \pmod on input line 910.
LaTeX Info: Redefining \smash on input line 940.
LaTeX Info: Redefining \relbar on input line 970.
LaTeX Info: Redefining \Relbar on input line 971.
\c@MaxMatrixCols=\count191
\dotsspace@=\muskip16
\c@parentequation=\count192
\dspbrk@lvl=\count193
\tag@help=\toks17
\row@=\count194
\column@=\count195
\maxfields@=\count196
\andhelp@=\toks18
\eqnshift@=\dimen143
\alignsep@=\dimen144
\tagshift@=\dimen145
\tagwidth@=\dimen146
\totwidth@=\dimen147
\lineht@=\dimen148
\@envbody=\toks19
\multlinegap=\skip49
\multlinetaggap=\skip50
\mathdisplay@stack=\toks20
LaTeX Info: Redefining \[ on input line 2953.
LaTeX Info: Redefining \] on input line 2954.
)
(/usr/local/texlive/2023/texmf-dist/tex/latex/ntheorem/ntheorem.sty
Style `ntheorem', Version 1.33 <2011/08/15>
Package: ntheorem 2011/08/15 1.33
(/usr/local/texlive/2023/texmf-dist/tex/latex/base/ifthen.sty
Package: ifthen 2022/04/13 v1.1d Standard LaTeX ifthen package (DPC)
)
\theorem@style=\toks21
\theorem@@style=\toks22
\theorembodyfont=\toks23
\theoremnumbering=\toks24
\theorempreskipamount=\skip51
\theorempostskipamount=\skip52
\theoremframepreskipamount=\skip53
\theoremframepostskipamount=\skip54
\theoreminframepreskipamount=\skip55
\theoreminframepostskipamount=\skip56
\theorem@preskip=\toks25
\theorem@postskip=\toks26
\theorem@framepreskip=\toks27
\theorem@framepostskip=\toks28
\theorem@inframepreskip=\toks29
\theorem@inframepostskip=\toks30
\theoremindent=\dimen149
\theorem@indent=\dimen150
\theoremrightindent=\dimen151
\theorem@rightindent=\dimen152
\theoremheaderfont=\toks31
\theoremseparator=\toks32
\theoremprework=\toks33
\theorempostwork=\toks34
\theoremsymbol=\toks35
\qedsymbol=\toks36
\theoremkeyword=\toks37
\qedsymbol=\toks38
\thm@topsep=\skip57
\thm@topsepadd=\skip58
Package ntheorem Info: Option `thmmarks' loaded on input line 1175.
\c@endNonectr=\count197
\c@currNonectr=\count198
\mysavskip=\skip59
Package ntheorem Info: option `amsmath' handling for `thmmarks' loaded on input
 line 1175.
\thm@amstmpdepth=\dimen153
\tagwidth=\dimen154
)
\fromfoliotocopyright=\skip60
\c@section=\count199
\c@subsection=\count266
\c@subsubsection=\count267
\c@paragraph=\count268
\c@subparagraph=\count269
\c@rmnum=\count270
\c@muni=\count271
\@sectionspace=\skip61
\@negsectionspace=\skip62

Warning: Unable to fix unknown version of \eqnarray.
\c@figure=\count272
\c@table=\count273
\abovecaptionskip=\skip63
\belowcaptionskip=\skip64
\bibindent=\dimen155
(/usr/local/texlive/2023/texmf-dist/tex/latex/hyperref/xr-hyper.sty
Package: xr-hyper 2023-02-07 v7.00v eXternal References (DPC)
)
(/usr/local/texlive/2023/texmf-dist/tex/generic/iftex/ifpdf.sty
Package: ifpdf 2019/10/25 v3.4 ifpdf legacy package. Use iftex instead.

(/usr/local/texlive/2023/texmf-dist/tex/generic/iftex/iftex.sty
Package: iftex 2022/02/03 v1.0f TeX engine tests
))
(/usr/local/texlive/2023/texmf-dist/tex/latex/hyperref/hyperref.sty
Package: hyperref 2023-02-07 v7.00v Hypertext links for LaTeX

(/usr/local/texlive/2023/texmf-dist/tex/generic/ltxcmds/ltxcmds.sty
Package: ltxcmds 2020-05-10 v1.25 LaTeX kernel commands for general use (HO)
)
(/usr/local/texlive/2023/texmf-dist/tex/generic/pdftexcmds/pdftexcmds.sty
Package: pdftexcmds 2020-06-27 v0.33 Utility functions of pdfTeX for LuaTeX (HO
)

(/usr/local/texlive/2023/texmf-dist/tex/generic/infwarerr/infwarerr.sty
Package: infwarerr 2019/12/03 v1.5 Providing info/warning/error messages (HO)
)
Package pdftexcmds Info: \pdf@primitive is available.
Package pdftexcmds Info: \pdf@ifprimitive is available.
Package pdftexcmds Info: \pdfdraftmode found.
)
(/usr/local/texlive/2023/texmf-dist/tex/latex/graphics/keyval.sty
Package: keyval 2022/05/29 v1.15 key=value parser (DPC)
\KV@toks@=\toks39
)
(/usr/local/texlive/2023/texmf-dist/tex/latex/kvsetkeys/kvsetkeys.sty
Package: kvsetkeys 2022-10-05 v1.19 Key value parser (HO)
)
(/usr/local/texlive/2023/texmf-dist/tex/generic/kvdefinekeys/kvdefinekeys.sty
Package: kvdefinekeys 2019-12-19 v1.6 Define keys (HO)
)
(/usr/local/texlive/2023/texmf-dist/tex/generic/pdfescape/pdfescape.sty
Package: pdfescape 2019/12/09 v1.15 Implements pdfTeX's escape features (HO)
)
(/usr/local/texlive/2023/texmf-dist/tex/latex/hycolor/hycolor.sty
Package: hycolor 2020-01-27 v1.10 Color options for hyperref/bookmark (HO)
)
(/usr/local/texlive/2023/texmf-dist/tex/latex/letltxmacro/letltxmacro.sty
Package: letltxmacro 2019/12/03 v1.6 Let assignment for LaTeX macros (HO)
)
(/usr/local/texlive/2023/texmf-dist/tex/latex/auxhook/auxhook.sty
Package: auxhook 2019-12-17 v1.6 Hooks for auxiliary files (HO)
)
(/usr/local/texlive/2023/texmf-dist/tex/latex/hyperref/nameref.sty
Package: nameref 2022-05-17 v2.50 Cross-referencing by name of section

(/usr/local/texlive/2023/texmf-dist/tex/latex/refcount/refcount.sty
Package: refcount 2019/12/15 v3.6 Data extraction from label references (HO)
)
(/usr/local/texlive/2023/texmf-dist/tex/generic/gettitlestring/gettitlestring.s
ty
Package: gettitlestring 2019/12/15 v1.6 Cleanup title references (HO)
 (/usr/local/texlive/2023/texmf-dist/tex/latex/kvoptions/kvoptions.sty
Package: kvoptions 2022-06-15 v3.15 Key value format for package options (HO)
))
\c@section@level=\count274
)
\@linkdim=\dimen156
\Hy@linkcounter=\count275
\Hy@pagecounter=\count276

(/usr/local/texlive/2023/texmf-dist/tex/latex/hyperref/pd1enc.def
File: pd1enc.def 2023-02-07 v7.00v Hyperref: PDFDocEncoding definition (HO)
Now handling font encoding PD1 ...
... no UTF-8 mapping file for font encoding PD1
)
(/usr/local/texlive/2023/texmf-dist/tex/generic/intcalc/intcalc.sty
Package: intcalc 2019/12/15 v1.3 Expandable calculations with integers (HO)
)
(/usr/local/texlive/2023/texmf-dist/tex/generic/etexcmds/etexcmds.sty
Package: etexcmds 2019/12/15 v1.7 Avoid name clashes with e-TeX commands (HO)
)
\Hy@SavedSpaceFactor=\count277

(/usr/local/texlive/2023/texmf-dist/tex/latex/hyperref/puenc.def
File: puenc.def 2023-02-07 v7.00v Hyperref: PDF Unicode definition (HO)
Now handling font encoding PU ...
... no UTF-8 mapping file for font encoding PU
)
Package hyperref Info: Hyper figures OFF on input line 4177.
Package hyperref Info: Link nesting OFF on input line 4182.
Package hyperref Info: Hyper index ON on input line 4185.
Package hyperref Info: Plain pages OFF on input line 4192.
Package hyperref Info: Backreferencing OFF on input line 4197.
Package hyperref Info: Implicit mode ON; LaTeX internals redefined.
Package hyperref Info: Bookmarks ON on input line 4425.
\c@Hy@tempcnt=\count278

(/usr/local/texlive/2023/texmf-dist/tex/latex/url/url.sty
\Urlmuskip=\muskip17
Package: url 2013/09/16  ver 3.4  Verb mode for urls, etc.
)
LaTeX Info: Redefining \url on input line 4763.
\XeTeXLinkMargin=\dimen157

(/usr/local/texlive/2023/texmf-dist/tex/generic/bitset/bitset.sty
Package: bitset 2019/12/09 v1.3 Handle bit-vector datatype (HO)

(/usr/local/texlive/2023/texmf-dist/tex/generic/bigintcalc/bigintcalc.sty
Package: bigintcalc 2019/12/15 v1.5 Expandable calculations on big integers (HO
)
))
\Fld@menulength=\count279
\Field@Width=\dimen158
\Fld@charsize=\dimen159
Package hyperref Info: Hyper figures OFF on input line 6042.
Package hyperref Info: Link nesting OFF on input line 6047.
Package hyperref Info: Hyper index ON on input line 6050.
Package hyperref Info: backreferencing OFF on input line 6057.
Package hyperref Info: Link coloring OFF on input line 6062.
Package hyperref Info: Link coloring with OCG OFF on input line 6067.
Package hyperref Info: PDF/A mode OFF on input line 6072.

(/usr/local/texlive/2023/texmf-dist/tex/latex/base/atbegshi-ltx.sty
Package: atbegshi-ltx 2021/01/10 v1.0c Emulation of the original atbegshi
package with kernel methods
)
\Hy@abspage=\count280
\c@Item=\count281
\c@Hfootnote=\count282
)
Package hyperref Info: Driver (autodetected): hpdftex.

(/usr/local/texlive/2023/texmf-dist/tex/latex/hyperref/hpdftex.def
File: hpdftex.def 2023-02-07 v7.00v Hyperref driver for pdfTeX

(/usr/local/texlive/2023/texmf-dist/tex/latex/base/atveryend-ltx.sty
Package: atveryend-ltx 2020/08/19 v1.0a Emulation of the original atveryend pac
kage
with kernel methods
)
\Fld@listcount=\count283
\c@bookmark@seq@number=\count284

(/usr/local/texlive/2023/texmf-dist/tex/latex/rerunfilecheck/rerunfilecheck.sty
Package: rerunfilecheck 2022-07-10 v1.10 Rerun checks for auxiliary files (HO)

(/usr/local/texlive/2023/texmf-dist/tex/generic/uniquecounter/uniquecounter.sty
Package: uniquecounter 2019/12/15 v1.4 Provide unlimited unique counter (HO)
)
Package uniquecounter Info: New unique counter `rerunfilecheck' on input line 2
85.
)
\Hy@SectionHShift=\skip65
)
Package hyperref Info: Option `colorlinks' set `false' on input line 1286.
Package hyperref Info: Option `frenchlinks' set `false' on input line 1286.
Package hyperref Info: Option `naturalnames' set `false' on input line 1286.
Package hyperref Info: Option `hypertexnames' set `false' on input line 1286.
Package hyperref Info: Option `breaklinks' set `true' on input line 1286.
 (/usr/local/texlive/2023/texmf-dist/tex/latex/graphics/graphics.sty
Package: graphics 2022/03/10 v1.4e Standard LaTeX Graphics (DPC,SPQR)

(/usr/local/texlive/2023/texmf-dist/tex/latex/graphics/trig.sty
Package: trig 2021/08/11 v1.11 sin cos tan (DPC)
)
(/usr/local/texlive/2023/texmf-dist/tex/latex/graphics-cfg/graphics.cfg
File: graphics.cfg 2016/06/04 v1.11 sample graphics configuration
)
Package graphics Info: Driver file: pdftex.def on input line 107.

(/usr/local/texlive/2023/texmf-dist/tex/latex/graphics-def/pdftex.def
File: pdftex.def 2022/09/22 v1.2b Graphics/color driver for pdftex
))
(/usr/local/texlive/2023/texmf-dist/tex/latex/graphics/graphicx.sty
Package: graphicx 2021/09/16 v1.2d Enhanced LaTeX Graphics (DPC,SPQR)
\Gin@req@height=\dimen160
\Gin@req@width=\dimen161
)
(/usr/local/texlive/2023/texmf-dist/tex/latex/epstopdf-pkg/epstopdf.sty
Package: epstopdf 2020-01-24 v2.11 Conversion with epstopdf on the fly (HO)

(/usr/local/texlive/2023/texmf-dist/tex/latex/grfext/grfext.sty
Package: grfext 2019/12/03 v1.3 Manage graphics extensions (HO)
)
(/usr/local/texlive/2023/texmf-dist/tex/latex/epstopdf-pkg/epstopdf-base.sty
Package: epstopdf-base 2020-01-24 v2.11 Base part for package epstopdf
Package epstopdf-base Info: Redefining graphics rule for `.eps' on input line 4
85.
Package grfext Info: Graphics extension search list:
(grfext)             [.pdf,.png,.jpg,.mps,.jpeg,.jbig2,.jb2,.PDF,.PNG,.JPG,.JPE
G,.JBIG2,.JB2,.eps]
(grfext)             \AppendGraphicsExtensions on input line 504.

(/usr/local/texlive/2023/texmf-dist/tex/latex/latexconfig/epstopdf-sys.cfg
File: epstopdf-sys.cfg 2010/07/13 v1.3 Configuration of (r)epstopdf for TeX Liv
e
)))
(/usr/local/texlive/2023/texmf-dist/tex/latex/xcolor/xcolor.sty
Package: xcolor 2022/06/12 v2.14 LaTeX color extensions (UK)

(/usr/local/texlive/2023/texmf-dist/tex/latex/graphics-cfg/color.cfg
File: color.cfg 2016/01/02 v1.6 sample color configuration
)
Package xcolor Info: Driver file: pdftex.def on input line 227.

(/usr/local/texlive/2023/texmf-dist/tex/latex/graphics/mathcolor.ltx)
Package xcolor Info: Model `cmy' substituted by `cmy0' on input line 1353.
Package xcolor Info: Model `hsb' substituted by `rgb' on input line 1357.
Package xcolor Info: Model `RGB' extended on input line 1369.
Package xcolor Info: Model `HTML' substituted by `rgb' on input line 1371.
Package xcolor Info: Model `Hsb' substituted by `hsb' on input line 1372.
Package xcolor Info: Model `tHsb' substituted by `hsb' on input line 1373.
Package xcolor Info: Model `HSB' substituted by `hsb' on input line 1374.
Package xcolor Info: Model `Gray' substituted by `gray' on input line 1375.
Package xcolor Info: Model `wave' substituted by `hsb' on input line 1376.
)
Package hyperref Info: Option `colorlinks' set `true' on input line 1322.

(/usr/local/texlive/2023/texmf-dist/tex/latex/oberdiek/hypcap.sty
Package: hypcap 2016/05/16 v1.12 Adjusting the anchors of captions (HO)
)
(/usr/local/texlive/2023/texmf-dist/tex/latex/algorithms/algorithm.sty
Package: algorithm 2009/08/24 v0.1 Document Style `algorithm' - floating enviro
nment

(/usr/local/texlive/2023/texmf-dist/tex/latex/float/float.sty
Package: float 2001/11/08 v1.3d Float enhancements (AL)
\c@float@type=\count285
\float@exts=\toks40
\float@box=\box53
\@float@everytoks=\toks41
\@floatcapt=\box54
)
\@float@every@algorithm=\toks42
\c@algorithm=\count286
)
(/usr/local/texlive/2023/texmf-dist/tex/latex/cleveref/cleveref.sty
Package: cleveref 2018/03/27 v0.21.4 Intelligent cross-referencing
Package cleveref Info: `hyperref' support loaded on input line 2370.
LaTeX Info: Redefining \cref on input line 2370.
LaTeX Info: Redefining \Cref on input line 2370.
LaTeX Info: Redefining \crefrange on input line 2370.
LaTeX Info: Redefining \Crefrange on input line 2370.
LaTeX Info: Redefining \cpageref on input line 2370.
LaTeX Info: Redefining \Cpageref on input line 2370.
LaTeX Info: Redefining \cpagerefrange on input line 2370.
LaTeX Info: Redefining \Cpagerefrange on input line 2370.
LaTeX Info: Redefining \labelcref on input line 2370.
LaTeX Info: Redefining \labelcpageref on input line 2370.
Package cleveref Info: `ntheorem' support loaded on input line 3055.
Package cleveref Info: always capitalise cross-reference names on input line 78
30.
Package cleveref Info: include cross-reference names in hyperlinks on input lin
e 7836.
Package cleveref Info: always capitalise cross-reference names on input line 78
52.
Package cleveref Info: include cross-reference names in hyperlinks on input lin
e 7852.
)
\c@currproofctr=\count287
\c@endproofctr=\count288
\c@proof=\count289
\c@currtheoremctr=\count290
\c@endtheoremctr=\count291
\c@theorem=\count292
\c@currlemmactr=\count293
\c@endlemmactr=\count294
\c@currcorollaryctr=\count295
\c@endcorollaryctr=\count296
\c@currpropositionctr=\count297
\c@endpropositionctr=\count298
\c@currdefinitionctr=\count299
\c@enddefinitionctr=\count300

(/usr/local/texlive/2023/texmf-dist/tex/latex/lineno/lineno.sty
Package: lineno 2023/01/19 line numbers on paragraphs v5.1
\linenopenalty=\count301
\output=\toks43
\linenoprevgraf=\count302
\linenumbersep=\dimen162
\linenumberwidth=\dimen163
\c@linenumber=\count303
\c@pagewiselinenumber=\count304
\c@LN@truepage=\count305
\c@internallinenumber=\count306
\c@internallinenumbers=\count307
\quotelinenumbersep=\dimen164
\bframerule=\dimen165
\bframesep=\dimen166
\bframebox=\box55

(/usr/local/texlive/2023/texmf-dist/tex/latex/etoolbox/etoolbox.sty
Package: etoolbox 2020/10/05 v2.5k e-TeX tools for LaTeX (JAW)
\etb@tempcnta=\count308
)
\linenoamsmath@ams@eqpen=\count309
LaTeX Info: Redefining \\ on input line 3131.
))
(/usr/local/texlive/2023/texmf-dist/tex/latex/lipsum/lipsum.sty
(/usr/local/texlive/2023/texmf-dist/tex/latex/l3packages/l3keys2e/l3keys2e.sty
(/usr/local/texlive/2023/texmf-dist/tex/latex/l3kernel/expl3.sty
Package: expl3 2023-02-22 L3 programming layer (loader) 

(/usr/local/texlive/2023/texmf-dist/tex/latex/l3backend/l3backend-pdftex.def
File: l3backend-pdftex.def 2023-01-16 L3 backend support: PDF output (pdfTeX)
\l__color_backend_stack_int=\count310
\l__pdf_internal_box=\box56
))
Package: l3keys2e 2023-02-02 LaTeX2e option processing using LaTeX3 keys
)
Package: lipsum 2021-09-20 v2.7 150 paragraphs of Lorem Ipsum dummy text
\g__lipsum_par_int=\count311
\l__lipsum_a_int=\count312
\l__lipsum_b_int=\count313
(/usr/local/texlive/2023/texmf-dist/tex/latex/lipsum/lipsum.ltd.tex))
(/usr/local/texlive/2023/texmf-dist/tex/latex/amsfonts/amsfonts.sty
Package: amsfonts 2013/01/14 v3.01 Basic AMSFonts support
\symAMSa=\mathgroup4
\symAMSb=\mathgroup5
LaTeX Font Info:    Redeclaring math symbol \hbar on input line 98.
LaTeX Font Info:    Overwriting math alphabet `\mathfrak' in version `bold'
(Font)                  U/euf/m/n --> U/euf/b/n on input line 106.
)
(/usr/local/texlive/2023/texmf-dist/tex/latex/tools/bm.sty
Package: bm 2022/01/05 v1.2f Bold Symbol Support (DPC/FMi)
\symboldoperators=\mathgroup6
\symboldletters=\mathgroup7
\symboldsymbols=\mathgroup8
Package bm Info: No bold for \OMX/cmex/m/n, using \pmb.
Package bm Info: No bold for \U/msa/m/n, using \pmb.
Package bm Info: No bold for \U/msb/m/n, using \pmb.
LaTeX Font Info:    Redeclaring math alphabet \mathbf on input line 149.
)
(/usr/local/texlive/2023/texmf-dist/tex/latex/todonotes/todonotes.sty
Package: todonotes 2023/01/31 v1.1.6 Todonotes source and documentation.
Package: todonotes 2023/01/31

(/usr/local/texlive/2023/texmf-dist/tex/latex/xkeyval/xkeyval.sty
Package: xkeyval 2022/06/16 v2.9 package option processing (HA)

(/usr/local/texlive/2023/texmf-dist/tex/generic/xkeyval/xkeyval.tex
(/usr/local/texlive/2023/texmf-dist/tex/generic/xkeyval/xkvutils.tex
\XKV@toks=\toks44
\XKV@tempa@toks=\toks45
)
\XKV@depth=\count314
File: xkeyval.tex 2014/12/03 v2.7a key=value parser (HA)
))
(/usr/local/texlive/2023/texmf-dist/tex/latex/pgf/frontendlayer/tikz.sty
(/usr/local/texlive/2023/texmf-dist/tex/latex/pgf/basiclayer/pgf.sty
(/usr/local/texlive/2023/texmf-dist/tex/latex/pgf/utilities/pgfrcs.sty
(/usr/local/texlive/2023/texmf-dist/tex/generic/pgf/utilities/pgfutil-common.te
x
\pgfutil@everybye=\toks46
\pgfutil@tempdima=\dimen167
\pgfutil@tempdimb=\dimen168
)
(/usr/local/texlive/2023/texmf-dist/tex/generic/pgf/utilities/pgfutil-latex.def
\pgfutil@abb=\box57
) (/usr/local/texlive/2023/texmf-dist/tex/generic/pgf/utilities/pgfrcs.code.tex
(/usr/local/texlive/2023/texmf-dist/tex/generic/pgf/pgf.revision.tex)
Package: pgfrcs 2023-01-15 v3.1.10 (3.1.10)
))
Package: pgf 2023-01-15 v3.1.10 (3.1.10)

(/usr/local/texlive/2023/texmf-dist/tex/latex/pgf/basiclayer/pgfcore.sty
(/usr/local/texlive/2023/texmf-dist/tex/latex/pgf/systemlayer/pgfsys.sty
(/usr/local/texlive/2023/texmf-dist/tex/generic/pgf/systemlayer/pgfsys.code.tex
Package: pgfsys 2023-01-15 v3.1.10 (3.1.10)
(/usr/local/texlive/2023/texmf-dist/tex/generic/pgf/utilities/pgfkeys.code.tex
\pgfkeys@pathtoks=\toks47
\pgfkeys@temptoks=\toks48

(/usr/local/texlive/2023/texmf-dist/tex/generic/pgf/utilities/pgfkeyslibraryfil
tered.code.tex
\pgfkeys@tmptoks=\toks49
))
\pgf@x=\dimen169
\pgf@y=\dimen170
\pgf@xa=\dimen171
\pgf@ya=\dimen172
\pgf@xb=\dimen173
\pgf@yb=\dimen174
\pgf@xc=\dimen175
\pgf@yc=\dimen176
\pgf@xd=\dimen177
\pgf@yd=\dimen178
\w@pgf@writea=\write3
\r@pgf@reada=\read2
\c@pgf@counta=\count315
\c@pgf@countb=\count316
\c@pgf@countc=\count317
\c@pgf@countd=\count318
\t@pgf@toka=\toks50
\t@pgf@tokb=\toks51
\t@pgf@tokc=\toks52
\pgf@sys@id@count=\count319

(/usr/local/texlive/2023/texmf-dist/tex/generic/pgf/systemlayer/pgf.cfg
File: pgf.cfg 2023-01-15 v3.1.10 (3.1.10)
)
Driver file for pgf: pgfsys-pdftex.def

(/usr/local/texlive/2023/texmf-dist/tex/generic/pgf/systemlayer/pgfsys-pdftex.d
ef
File: pgfsys-pdftex.def 2023-01-15 v3.1.10 (3.1.10)

(/usr/local/texlive/2023/texmf-dist/tex/generic/pgf/systemlayer/pgfsys-common-p
df.def
File: pgfsys-common-pdf.def 2023-01-15 v3.1.10 (3.1.10)
)))
(/usr/local/texlive/2023/texmf-dist/tex/generic/pgf/systemlayer/pgfsyssoftpath.
code.tex
File: pgfsyssoftpath.code.tex 2023-01-15 v3.1.10 (3.1.10)
\pgfsyssoftpath@smallbuffer@items=\count320
\pgfsyssoftpath@bigbuffer@items=\count321
)
(/usr/local/texlive/2023/texmf-dist/tex/generic/pgf/systemlayer/pgfsysprotocol.
code.tex
File: pgfsysprotocol.code.tex 2023-01-15 v3.1.10 (3.1.10)
))
(/usr/local/texlive/2023/texmf-dist/tex/generic/pgf/basiclayer/pgfcore.code.tex
Package: pgfcore 2023-01-15 v3.1.10 (3.1.10)
(/usr/local/texlive/2023/texmf-dist/tex/generic/pgf/math/pgfmath.code.tex
(/usr/local/texlive/2023/texmf-dist/tex/generic/pgf/math/pgfmathutil.code.tex)
(/usr/local/texlive/2023/texmf-dist/tex/generic/pgf/math/pgfmathparser.code.tex
\pgfmath@dimen=\dimen179
\pgfmath@count=\count322
\pgfmath@box=\box58
\pgfmath@toks=\toks53
\pgfmath@stack@operand=\toks54
\pgfmath@stack@operation=\toks55
)
(/usr/local/texlive/2023/texmf-dist/tex/generic/pgf/math/pgfmathfunctions.code.
tex)
(/usr/local/texlive/2023/texmf-dist/tex/generic/pgf/math/pgfmathfunctions.basic
.code.tex)
(/usr/local/texlive/2023/texmf-dist/tex/generic/pgf/math/pgfmathfunctions.trigo
nometric.code.tex)
(/usr/local/texlive/2023/texmf-dist/tex/generic/pgf/math/pgfmathfunctions.rando
m.code.tex)
(/usr/local/texlive/2023/texmf-dist/tex/generic/pgf/math/pgfmathfunctions.compa
rison.code.tex)
(/usr/local/texlive/2023/texmf-dist/tex/generic/pgf/math/pgfmathfunctions.base.
code.tex)
(/usr/local/texlive/2023/texmf-dist/tex/generic/pgf/math/pgfmathfunctions.round
.code.tex)
(/usr/local/texlive/2023/texmf-dist/tex/generic/pgf/math/pgfmathfunctions.misc.
code.tex)
(/usr/local/texlive/2023/texmf-dist/tex/generic/pgf/math/pgfmathfunctions.integ
erarithmetics.code.tex)
(/usr/local/texlive/2023/texmf-dist/tex/generic/pgf/math/pgfmathcalc.code.tex)
(/usr/local/texlive/2023/texmf-dist/tex/generic/pgf/math/pgfmathfloat.code.tex
\c@pgfmathroundto@lastzeros=\count323
)) (/usr/local/texlive/2023/texmf-dist/tex/generic/pgf/math/pgfint.code.tex)
(/usr/local/texlive/2023/texmf-dist/tex/generic/pgf/basiclayer/pgfcorepoints.co
de.tex
File: pgfcorepoints.code.tex 2023-01-15 v3.1.10 (3.1.10)
\pgf@picminx=\dimen180
\pgf@picmaxx=\dimen181
\pgf@picminy=\dimen182
\pgf@picmaxy=\dimen183
\pgf@pathminx=\dimen184
\pgf@pathmaxx=\dimen185
\pgf@pathminy=\dimen186
\pgf@pathmaxy=\dimen187
\pgf@xx=\dimen188
\pgf@xy=\dimen189
\pgf@yx=\dimen190
\pgf@yy=\dimen191
\pgf@zx=\dimen192
\pgf@zy=\dimen193
)
(/usr/local/texlive/2023/texmf-dist/tex/generic/pgf/basiclayer/pgfcorepathconst
ruct.code.tex
File: pgfcorepathconstruct.code.tex 2023-01-15 v3.1.10 (3.1.10)
\pgf@path@lastx=\dimen194
\pgf@path@lasty=\dimen195
)
(/usr/local/texlive/2023/texmf-dist/tex/generic/pgf/basiclayer/pgfcorepathusage
.code.tex
File: pgfcorepathusage.code.tex 2023-01-15 v3.1.10 (3.1.10)
\pgf@shorten@end@additional=\dimen196
\pgf@shorten@start@additional=\dimen197
)
(/usr/local/texlive/2023/texmf-dist/tex/generic/pgf/basiclayer/pgfcorescopes.co
de.tex
File: pgfcorescopes.code.tex 2023-01-15 v3.1.10 (3.1.10)
\pgfpic=\box59
\pgf@hbox=\box60
\pgf@layerbox@main=\box61
\pgf@picture@serial@count=\count324
)
(/usr/local/texlive/2023/texmf-dist/tex/generic/pgf/basiclayer/pgfcoregraphicst
ate.code.tex
File: pgfcoregraphicstate.code.tex 2023-01-15 v3.1.10 (3.1.10)
\pgflinewidth=\dimen198
)
(/usr/local/texlive/2023/texmf-dist/tex/generic/pgf/basiclayer/pgfcoretransform
ations.code.tex
File: pgfcoretransformations.code.tex 2023-01-15 v3.1.10 (3.1.10)
\pgf@pt@x=\dimen199
\pgf@pt@y=\dimen256
\pgf@pt@temp=\dimen257
)
(/usr/local/texlive/2023/texmf-dist/tex/generic/pgf/basiclayer/pgfcorequick.cod
e.tex
File: pgfcorequick.code.tex 2023-01-15 v3.1.10 (3.1.10)
)
(/usr/local/texlive/2023/texmf-dist/tex/generic/pgf/basiclayer/pgfcoreobjects.c
ode.tex
File: pgfcoreobjects.code.tex 2023-01-15 v3.1.10 (3.1.10)
)
(/usr/local/texlive/2023/texmf-dist/tex/generic/pgf/basiclayer/pgfcorepathproce
ssing.code.tex
File: pgfcorepathprocessing.code.tex 2023-01-15 v3.1.10 (3.1.10)
)
(/usr/local/texlive/2023/texmf-dist/tex/generic/pgf/basiclayer/pgfcorearrows.co
de.tex
File: pgfcorearrows.code.tex 2023-01-15 v3.1.10 (3.1.10)
\pgfarrowsep=\dimen258
)
(/usr/local/texlive/2023/texmf-dist/tex/generic/pgf/basiclayer/pgfcoreshade.cod
e.tex
File: pgfcoreshade.code.tex 2023-01-15 v3.1.10 (3.1.10)
\pgf@max=\dimen259
\pgf@sys@shading@range@num=\count325
\pgf@shadingcount=\count326
)
(/usr/local/texlive/2023/texmf-dist/tex/generic/pgf/basiclayer/pgfcoreimage.cod
e.tex
File: pgfcoreimage.code.tex 2023-01-15 v3.1.10 (3.1.10)
)
(/usr/local/texlive/2023/texmf-dist/tex/generic/pgf/basiclayer/pgfcoreexternal.
code.tex
File: pgfcoreexternal.code.tex 2023-01-15 v3.1.10 (3.1.10)
\pgfexternal@startupbox=\box62
)
(/usr/local/texlive/2023/texmf-dist/tex/generic/pgf/basiclayer/pgfcorelayers.co
de.tex
File: pgfcorelayers.code.tex 2023-01-15 v3.1.10 (3.1.10)
)
(/usr/local/texlive/2023/texmf-dist/tex/generic/pgf/basiclayer/pgfcoretranspare
ncy.code.tex
File: pgfcoretransparency.code.tex 2023-01-15 v3.1.10 (3.1.10)
)
(/usr/local/texlive/2023/texmf-dist/tex/generic/pgf/basiclayer/pgfcorepatterns.
code.tex
File: pgfcorepatterns.code.tex 2023-01-15 v3.1.10 (3.1.10)
)
(/usr/local/texlive/2023/texmf-dist/tex/generic/pgf/basiclayer/pgfcorerdf.code.
tex
File: pgfcorerdf.code.tex 2023-01-15 v3.1.10 (3.1.10)
)))
(/usr/local/texlive/2023/texmf-dist/tex/generic/pgf/modules/pgfmoduleshapes.cod
e.tex
File: pgfmoduleshapes.code.tex 2023-01-15 v3.1.10 (3.1.10)
\pgfnodeparttextbox=\box63
)
(/usr/local/texlive/2023/texmf-dist/tex/generic/pgf/modules/pgfmoduleplot.code.
tex
File: pgfmoduleplot.code.tex 2023-01-15 v3.1.10 (3.1.10)
)
(/usr/local/texlive/2023/texmf-dist/tex/latex/pgf/compatibility/pgfcomp-version
-0-65.sty
Package: pgfcomp-version-0-65 2023-01-15 v3.1.10 (3.1.10)
\pgf@nodesepstart=\dimen260
\pgf@nodesepend=\dimen261
)
(/usr/local/texlive/2023/texmf-dist/tex/latex/pgf/compatibility/pgfcomp-version
-1-18.sty
Package: pgfcomp-version-1-18 2023-01-15 v3.1.10 (3.1.10)
))
(/usr/local/texlive/2023/texmf-dist/tex/latex/pgf/utilities/pgffor.sty
(/usr/local/texlive/2023/texmf-dist/tex/latex/pgf/utilities/pgfkeys.sty
(/usr/local/texlive/2023/texmf-dist/tex/generic/pgf/utilities/pgfkeys.code.tex)
) (/usr/local/texlive/2023/texmf-dist/tex/latex/pgf/math/pgfmath.sty
(/usr/local/texlive/2023/texmf-dist/tex/generic/pgf/math/pgfmath.code.tex))
(/usr/local/texlive/2023/texmf-dist/tex/generic/pgf/utilities/pgffor.code.tex
Package: pgffor 2023-01-15 v3.1.10 (3.1.10)
\pgffor@iter=\dimen262
\pgffor@skip=\dimen263
\pgffor@stack=\toks56
\pgffor@toks=\toks57
))
(/usr/local/texlive/2023/texmf-dist/tex/generic/pgf/frontendlayer/tikz/tikz.cod
e.tex
Package: tikz 2023-01-15 v3.1.10 (3.1.10)

(/usr/local/texlive/2023/texmf-dist/tex/generic/pgf/libraries/pgflibraryplothan
dlers.code.tex
File: pgflibraryplothandlers.code.tex 2023-01-15 v3.1.10 (3.1.10)
\pgf@plot@mark@count=\count327
\pgfplotmarksize=\dimen264
)
\tikz@lastx=\dimen265
\tikz@lasty=\dimen266
\tikz@lastxsaved=\dimen267
\tikz@lastysaved=\dimen268
\tikz@lastmovetox=\dimen269
\tikz@lastmovetoy=\dimen270
\tikzleveldistance=\dimen271
\tikzsiblingdistance=\dimen272
\tikz@figbox=\box64
\tikz@figbox@bg=\box65
\tikz@tempbox=\box66
\tikz@tempbox@bg=\box67
\tikztreelevel=\count328
\tikznumberofchildren=\count329
\tikznumberofcurrentchild=\count330
\tikz@fig@count=\count331

(/usr/local/texlive/2023/texmf-dist/tex/generic/pgf/modules/pgfmodulematrix.cod
e.tex
File: pgfmodulematrix.code.tex 2023-01-15 v3.1.10 (3.1.10)
\pgfmatrixcurrentrow=\count332
\pgfmatrixcurrentcolumn=\count333
\pgf@matrix@numberofcolumns=\count334
)
\tikz@expandcount=\count335

(/usr/local/texlive/2023/texmf-dist/tex/generic/pgf/frontendlayer/tikz/librarie
s/tikzlibrarytopaths.code.tex
File: tikzlibrarytopaths.code.tex 2023-01-15 v3.1.10 (3.1.10)
)))
(/usr/local/texlive/2023/texmf-dist/tex/generic/pgf/frontendlayer/tikz/librarie
s/tikzlibrarypositioning.code.tex
File: tikzlibrarypositioning.code.tex 2023-01-15 v3.1.10 (3.1.10)
)
(/usr/local/texlive/2023/texmf-dist/tex/latex/tools/calc.sty
Package: calc 2017/05/25 v4.3 Infix arithmetic (KKT,FJ)
\calc@Acount=\count336
\calc@Bcount=\count337
\calc@Adimen=\dimen273
\calc@Bdimen=\dimen274
\calc@Askip=\skip66
\calc@Bskip=\skip67
LaTeX Info: Redefining \setlength on input line 80.
LaTeX Info: Redefining \addtolength on input line 81.
\calc@Ccount=\count338
\calc@Cskip=\skip68
)
\c@@todonotes@numberoftodonotes=\count339
)
(/usr/local/texlive/2023/texmf-dist/tex/latex/algorithmicx/algpseudocode.sty
Package: algpseudocode 

(/usr/local/texlive/2023/texmf-dist/tex/latex/algorithmicx/algorithmicx.sty
Package: algorithmicx 2005/04/27 v1.2 Algorithmicx

Document Style algorithmicx 1.2 - a greatly improved `algorithmic' style
\c@ALG@line=\count340
\c@ALG@rem=\count341
\c@ALG@nested=\count342
\ALG@tlm=\skip69
\ALG@thistlm=\skip70
\c@ALG@Lnr=\count343
\c@ALG@blocknr=\count344
\c@ALG@storecount=\count345
\c@ALG@tmpcounter=\count346
\ALG@tmplength=\skip71
)
Document Style - pseudocode environments for use with the `algorithmicx' style
)
\c@currremarkctr=\count347
\c@endremarkctr=\count348
\c@remark=\count349
\c@currhypothesisctr=\count350
\c@endhypothesisctr=\count351
\c@currclaimctr=\count352
\c@endclaimctr=\count353
 (./article.aux)
\openout1 = `article.aux'.

LaTeX Font Info:    Checking defaults for OML/cmm/m/it on input line 119.
LaTeX Font Info:    ... okay on input line 119.
LaTeX Font Info:    Checking defaults for OMS/cmsy/m/n on input line 119.
LaTeX Font Info:    ... okay on input line 119.
LaTeX Font Info:    Checking defaults for OT1/cmr/m/n on input line 119.
LaTeX Font Info:    ... okay on input line 119.
LaTeX Font Info:    Checking defaults for T1/cmr/m/n on input line 119.
LaTeX Font Info:    ... okay on input line 119.
LaTeX Font Info:    Checking defaults for TS1/cmr/m/n on input line 119.
LaTeX Font Info:    ... okay on input line 119.
LaTeX Font Info:    Checking defaults for OMX/cmex/m/n on input line 119.
LaTeX Font Info:    ... okay on input line 119.
LaTeX Font Info:    Checking defaults for U/cmr/m/n on input line 119.
LaTeX Font Info:    ... okay on input line 119.
LaTeX Font Info:    Checking defaults for PD1/pdf/m/n on input line 119.
LaTeX Font Info:    ... okay on input line 119.
LaTeX Font Info:    Checking defaults for PU/pdf/m/n on input line 119.
LaTeX Font Info:    ... okay on input line 119.
Package hyperref Info: Link coloring ON on input line 119.
 (./article.out) (./article.out)
\@outlinefile=\write4
\openout4 = `article.out'.


(/usr/local/texlive/2023/texmf-dist/tex/context/base/mkii/supp-pdf.mkii
[Loading MPS to PDF converter (version 2006.09.02).]
\scratchcounter=\count354
\scratchdimen=\dimen275
\scratchbox=\box68
\nofMPsegments=\count355
\nofMParguments=\count356
\everyMPshowfont=\toks58
\MPscratchCnt=\count357
\MPscratchDim=\dimen276
\MPnumerator=\count358
\makeMPintoPDFobject=\count359
\everyMPtoPDFconversion=\toks59
)
LaTeX Font Info:    Trying to load font information for U+msa on input line 122
.
 (/usr/local/texlive/2023/texmf-dist/tex/latex/amsfonts/umsa.fd
File: umsa.fd 2013/01/14 v3.01 AMS symbols A
)
LaTeX Font Info:    Trying to load font information for U+msb on input line 122
.

(/usr/local/texlive/2023/texmf-dist/tex/latex/amsfonts/umsb.fd
File: umsb.fd 2013/01/14 v3.01 AMS symbols B
)

LaTeX Warning: Citation `iserles2025stable' on page 1 undefined on input line 1
42.


LaTeX Warning: Citation `vandebril2005note' on page 1 undefined on input line 1
42.


LaTeX Warning: Citation `rozsa1991band' on page 1 undefined on input line 142.


LaTeX Warning: Citation `vandebril2005implicit' on page 1 undefined on input li
ne 142.


LaTeX Warning: Citation `eidelman1997inversion' on page 1 undefined on input li
ne 142.


LaTeX Warning: Citation `chandrasekaran2003fast' on page 1 undefined on input l
ine 146.


LaTeX Warning: Citation `chandrasekaran2007fast' on page 1 undefined on input l
ine 146.


LaTeX Warning: Citation `chandrasekaran2006fast' on page 1 undefined on input l
ine 146.


LaTeX Warning: Citation `massei2020hm' on page 1 undefined on input line 146.


LaTeX Warning: Citation `xia2010fast' on page 1 undefined on input line 146.


LaTeX Warning: Citation `fasino2005rational' on page 1 undefined on input line 
146.


LaTeX Warning: Citation `vandebril2008rational' on page 1 undefined on input li
ne 146.


LaTeX Warning: Citation `delvaux2006rank' on page 1 undefined on input line 146
.


LaTeX Warning: Citation `delvaux2006structures' on page 1 undefined on input li
ne 146.


LaTeX Warning: Citation `eidelman2005qr' on page 1 undefined on input line 146.



LaTeX Warning: Citation `delvaux2008givens' on page 1 undefined on input line 1
46.


LaTeX Warning: Citation `vandebril2005note' on page 1 undefined on input line 1
46.


LaTeX Warning: Citation `chandrasekaran2003fast' on page 1 undefined on input l
ine 146.


LaTeX Warning: Citation `delvaux2008qr' on page 1 undefined on input line 146.


LaTeX Warning: Citation `mastronardi2001fast' on page 1 undefined on input line
 146.


LaTeX Warning: Citation `van2004two' on page 1 undefined on input line 146.


LaTeX Warning: Citation `olver2013fast' on page 1 undefined on input line 146.

[1

{/usr/local/texlive/2023/texmf-var/fonts/map/pdftex/updmap/pdftex.map}]

LaTeX Warning: Reference `def:hmbpsm' on page 2 undefined on input line 151.


LaTeX Warning: Reference `lemma:structure_preserve' on page 2 undefined on inpu
t line 151.


LaTeX Warning: Reference `thm:structure_preserve' on page 2 undefined on input 
line 151.


LaTeX Warning: Reference `sec:factors' on page 2 undefined on input line 154.


LaTeX Warning: Reference `sec:main' on page 2 undefined on input line 155.


LaTeX Warning: Reference `sec:algorithms' on page 2 undefined on input line 155
.


LaTeX Warning: Reference `sec:fastrq' on page 2 undefined on input line 155.


LaTeX Warning: Reference `sec:experiments' on page 2 undefined on input line 15
5.


LaTeX Warning: Reference `sec:conclusions' on page 2 undefined on input line 15
5.

Package hyperref Info: bookmark level for unknown remark defaults to 0 on input
 line 158.
[2]

LaTeX Warning: Citation `doi:10.1137/1.9780898719604' on page 3 undefined on in
put line 181.

[3]
Package hyperref Info: bookmark level for unknown definition defaults to 0 on i
nput line 237.
 [4]
Package hyperref Info: bookmark level for unknown lemma defaults to 0 on input 
line 288.
Package hyperref Info: bookmark level for unknown proof defaults to 0 on input 
line 291.
 [5]

LaTeX Warning: Reference `def:hmbpsm' on page 6 undefined on input line 364.


Overfull \hbox (17.15016pt too wide) in paragraph at lines 380--381
\OML/cmm/m/it/10 U[]\OT1/cmr/bx/n/10 y \OMS/cmsy/m/n/10 2 \U/msb/m/n/10 R[]$\OT
1/cmr/m/n/10 , $\OT1/cmr/bx/n/10 c[] \OT1/cmr/m/n/10 = \OML/cmm/m/it/10 X[]\OT1
/cmr/bx/n/10 y \OMS/cmsy/m/n/10 2 \U/msb/m/n/10 R[]$\OT1/cmr/m/n/10 , $\OT1/cmr
/bx/n/10 c[] \OT1/cmr/m/n/10 = \OML/cmm/m/it/10 Y[]\OT1/cmr/bx/n/10 y \OMS/cmsy
/m/n/10 2 \U/msb/m/n/10 R[]$\OT1/cmr/m/n/10 , $\OT1/cmr/bx/n/10 c[] \OT1/cmr/m/
n/10 = \OML/cmm/m/it/10 Z[]\OT1/cmr/bx/n/10 y \OMS/cmsy/m/n/10 2 \U/msb/m/n/10 
R[]\OML/cmm/m/it/10 ;  []\OT1/cmr/bx/n/10 c[] \OT1/cmr/m/n/10 =|
 []


Overfull \hbox (8.55429pt too wide) detected at line 395
[][][][]|
 []

[6]
Overfull \hbox (57.91927pt too wide) detected at line 405
[][][][]|
 []


Overfull \hbox (20.96251pt too wide) detected at line 414
[][][][]|
 []


Overfull \hbox (9.16736pt too wide) detected at line 426
[][][][]|
 []


Overfull \hbox (10.3pt too wide) detected at line 433
[][][][]|
 []


Overfull \hbox (18.238pt too wide) detected at line 443
[][][][]|
 []


Underfull \vbox (badness 10000) has occurred while \output is active []

 [7]
[8]
Overfull \hbox (6.9672pt too wide) detected at line 510
[]|
 []


LaTeX Warning: Reference `lemma:structure_preserve' on page 9 undefined on inpu
t line 517.


Overfull \hbox (1.58125pt too wide) in paragraph at lines 517--518
 \OT1/cmr/bx/n/10 3.3. Struc-ture Preser-va-tion The-o-rem and its Proof.[][] \
OT1/cmr/m/n/10 Equipped with lemma|
 []

Package hyperref Info: bookmark level for unknown theorem defaults to 0 on inpu
t line 519.

LaTeX Warning: Reference `express_A' on page 9 undefined on input line 520.

[9]

LaTeX Warning: Reference `def:hmbpsm' on page 10 undefined on input line 554.


LaTeX Warning: Reference `lemma:structure_preserve' on page 10 undefined on inp
ut line 561.


LaTeX Warning: Reference `submatrix_structure' on page 10 undefined on input li
ne 563.


LaTeX Warning: Reference `row_structure' on page 10 undefined on input line 565
.


Overfull \hbox (21.40997pt too wide) detected at line 568
[][]\OML/cmm/m/it/10 U[]A[]\OT1/cmr/m/n/10 [:\OML/cmm/m/it/10 ; \OT1/cmr/m/n/10
 2 : \OML/cmm/m/it/10 n \OMS/cmsy/m/n/10 ^^@ \OML/cmm/m/it/10 j\OT1/cmr/m/n/10 
] = (\OML/cmm/m/it/10 U[]A \OMS/cmsy/m/n/10 ^^@ [] [][]\OML/cmm/m/it/10 S[]\OT1
/cmr/m/n/10 )[:\OML/cmm/m/it/10 ; j \OT1/cmr/m/n/10 + 2 : \OML/cmm/m/it/10 n\OT
1/cmr/m/n/10 ] \OMS/cmsy/m/n/10 ^^@ [] []\OT1/cmr/m/n/10 (\OML/cmm/m/it/10 B\OT
1/cmr/m/n/10 [\OML/cmm/m/it/10 t; j \OT1/cmr/m/n/10 + 2 : \OML/cmm/m/it/10 n\OT
1/cmr/m/n/10 ][])\OML/cmm/m/it/10 ;|
 []

[10]

LaTeX Warning: Reference `F_tril' on page 11 undefined on input line 580.


LaTeX Warning: Reference `F_triu' on page 11 undefined on input line 580.


LaTeX Warning: Reference `express_F' on page 11 undefined on input line 605.


LaTeX Warning: Reference `thm:structure_preserve' on page 11 undefined on input
 line 614.

Package hyperref Info: bookmark level for unknown algorithm defaults to 0 on in
put line 617.

LaTeX Warning: Reference `algo:form_householder' on page 11 undefined on input 
line 635.


LaTeX Warning: Reference `algo:compute_row' on page 11 undefined on input line 
650.


LaTeX Warning: Reference `algo:update_hmbpsm' on page 11 undefined on input lin
e 658.


Underfull \hbox (badness 3503) in paragraph at lines 658--659
[] $\OT1/cmr/m/n/10 [\OML/cmm/m/it/10 J; K; E[]; X[]; Y[]; Z[]\OT1/cmr/m/n/10 ]
 \OMS/cmsy/m/n/10   []\OT1/cmr/m/n/10 (\OML/cmm/m/it/10 J; K; E[]; X[]; Y[]; Z[
]; []; \OT1/cmr/bx/n/10 b[]\OML/cmm/m/it/10 ; ^^\[]\OT1/cmr/m/n/10 )$
 []


Underfull \hbox (badness 1331) in paragraph at lines 663--664
[]\OT1/cmr/bx/n/10 re-turn $\OML/cmm/m/it/10 B[]; []; []; []; []; \OML/cmm/b/it
/10 ^^\$\OT1/cmr/m/n/10 . Now $\OML/cmm/m/it/10 F$ \OT1/cmr/m/n/10 is ex-presse
d as $\OML/cmm/m/it/10 B[] \OT1/cmr/m/n/10 + [](\OML/cmm/m/it/10 U[]; \OMS/cmsy
/m/n/10 ^^@\OT1/cmr/m/n/10 1) +
 []


Underfull \vbox (badness 10000) has occurred while \output is active []

 [11]

LaTeX Warning: Reference `lemma:structure_preserve' on page 12 undefined on inp
ut line 697.


LaTeX Warning: Reference `lemma:structure_preserve' on page 12 undefined on inp
ut line 713.

[12]

LaTeX Warning: Reference `algo:fastqr' on page 13 undefined on input line 727.


LaTeX Warning: Reference `eq:relation_UA' on page 13 undefined on input line 73
6.


LaTeX Warning: Reference `thm:structure_preserve' on page 13 undefined on input
 line 748.

[13]

LaTeX Warning: Reference `algo:fastqr' on page 14 undefined on input line 752.


Package hyperref Warning: Token not allowed in a PDF string (Unicode):
(hyperref)                removing `math shift' on input line 756.


Package hyperref Warning: Token not allowed in a PDF string (Unicode):
(hyperref)                removing `superscript' on input line 756.


Package hyperref Warning: Token not allowed in a PDF string (Unicode):
(hyperref)                removing `\top' on input line 756.


LaTeX Warning: Reference `sec:main' on page 14 undefined on input line 765.


LaTeX Warning: Reference `thm:structure_preserve' on page 14 undefined on input
 line 776.


LaTeX Warning: Reference `algo_applyQ' on page 14 undefined on input line 799.


LaTeX Warning: Reference `algo_applyQ' on page 14 undefined on input line 845.

[14]

LaTeX Warning: Reference `eq:y_structure' on page 15 undefined on input line 86
0.

[15]

LaTeX Warning: Reference `algo_backsub' on page 16 undefined on input line 889.



LaTeX Warning: Citation `olver2013fast' on page 16 undefined on input line 889.



LaTeX Warning: Reference `algo_backsub' on page 16 undefined on input line 924.



LaTeX Warning: Citation `olver2013fast' on page 16 undefined on input line 928.


[16]

LaTeX Warning: Reference `algo:fastqr' on page 17 undefined on input line 951.


LaTeX Warning: Reference `algo_applyQ' on page 17 undefined on input line 951.


LaTeX Warning: Reference `algo_backsub' on page 17 undefined on input line 951.


Package hyperref Info: bookmark level for unknown corollary defaults to 0 on in
put line 954.

LaTeX Warning: Reference `sec:main' on page 17 undefined on input line 971.

[17]

LaTeX Warning: Reference `lemma:structure_preserve' on page 18 undefined on inp
ut line 996.


LaTeX Warning: Reference `def:hmutm' on page 18 undefined on input line 1007.


Overfull \hbox (23.36644pt too wide) detected at line 1029
[][][][]|
 []


Underfull \vbox (badness 10000) has occurred while \output is active []

 [18]
Overfull \hbox (45.95596pt too wide) detected at line 1050
[][][][]|
 []


Overfull \hbox (18.788pt too wide) detected at line 1065
[][][][]|
 []

[19]
Overfull \hbox (70.45844pt too wide) detected at line 1082
[]|
 []


LaTeX Warning: Reference `eq:submatrix_structure_rq' on page 20 undefined on in
put line 1107.


LaTeX Warning: Reference `eq:col_structure_rq' on page 20 undefined on input li
ne 1107.


LaTeX Warning: Reference `eq:diag_update_rq' on page 20 undefined on input line
 1107.


Package hyperref Warning: Token not allowed in a PDF string (Unicode):
(hyperref)                removing `math shift' on input line 1112.


Package hyperref Warning: Token not allowed in a PDF string (Unicode):
(hyperref)                removing `math shift' on input line 1112.


LaTeX Warning: Reference `lemma:structure_preserve_rq' on page 20 undefined on 
input line 1112.


LaTeX Warning: Reference `express_A_symm' on page 20 undefined on input line 11
15.

[20]

LaTeX Warning: Reference `thm:structure_preserve' on page 21 undefined on input
 line 1132.


Overfull \hbox (1.22264pt too wide) in paragraph at lines 1135--1137
\OT1/cmr/m/n/10 where $\OT1/cmr/bx/n/10 e[]$ \OT1/cmr/m/n/10 is the first stan-
dard ba-sis in $\U/msb/m/n/10 R[]$\OT1/cmr/m/n/10 , $\OML/cmm/m/it/10 U[] \OMS/
cmsy/m/n/10 2 \U/msb/m/n/10 R[]$ \OT1/cmr/m/n/10 sat-is-fies $\OML/cmm/m/it/10 
U[]\OT1/cmr/m/n/10 [1\OML/cmm/m/it/10 ; \OT1/cmr/m/n/10 :|
 []


Overfull \hbox (5.5611pt too wide) detected at line 1149
\OML/cmm/m/it/10 R[]\OT1/cmr/m/n/10 [\OML/cmm/m/it/10 j \OT1/cmr/m/n/10 + 1 : \
OML/cmm/m/it/10 n; j \OT1/cmr/m/n/10 + 1 : \OML/cmm/m/it/10 n\OT1/cmr/m/n/10 ] 
= \OML/cmm/m/it/10 R[] \OT1/cmr/m/n/10 + \OML/cmm/m/it/10 R[]U[]\OT1/cmr/m/n/10
 
[]\OML/cmm/m/it/10 U[] \OT1/cmr/m/n/10 + ^^H[]\OML/cmm/m/it/10 U[] \OT1/cmr/m/n
/10 + \OML/cmm/m/it/10 R[]U[]\OT1/cmr/m/n/10 	[] + ^^C[]\OML/cmm/m/it/10 ;|
 []


LaTeX Warning: Reference `lemma:structure_preserve_rq' on page 21 undefined on 
input line 1152.


Underfull \vbox (badness 2662) has occurred while \output is active []

 [21]

LaTeX Warning: Reference `express_RQ' on page 22 undefined on input line 1173.


LaTeX Warning: Reference `thm:structure_rq' on page 22 undefined on input line 
1178.


LaTeX Warning: Reference `algo:fastqr' on page 22 undefined on input line 1187.



LaTeX Warning: Reference `lemma:structure_preserve_rq' on page 22 undefined on 
input line 1197.


LaTeX Warning: Reference `lemma:structure_preserve_rq' on page 22 undefined on 
input line 1198.


LaTeX Warning: Reference `lemma:structure_preserve_rq' on page 22 undefined on 
input line 1200.


LaTeX Warning: Reference `thm:structure_preserve' on page 22 undefined on input
 line 1210.


LaTeX Warning: Reference `algo:fastrq' on page 22 undefined on input line 1210.



LaTeX Warning: Reference `algo:fastrq' on page 22 undefined on input line 1213.



LaTeX Warning: Citation `SemiseparableMatrices2024' on page 22 undefined on inp
ut line 1227.

[22]
<qr_linear.pdf, id=210, 451.6875pt x 301.125pt>
File: qr_linear.pdf Graphic file (type pdf)
<use qr_linear.pdf>
Package pdftex.def Info: qr_linear.pdf  used on input line 1237.
(pdftex.def)             Requested size: 296.30812pt x 197.54846pt.
<rq_linear.pdf, id=211, 451.6875pt x 301.125pt>
File: rq_linear.pdf Graphic file (type pdf)
<use rq_linear.pdf>
Package pdftex.def Info: rq_linear.pdf  used on input line 1244.
(pdftex.def)             Requested size: 296.30812pt x 197.54846pt.


LaTeX Warning: Reference `fig:qr_scaling' on page 23 undefined on input line 12
49.


LaTeX Warning: Reference `sec:algorithms' on page 23 undefined on input line 12
49.

[23]

LaTeX Warning: Reference `fig:rq_scaling' on page 24 undefined on input line 12
51.


LaTeX Warning: Reference `sec:fastrq' on page 24 undefined on input line 1251.

<qr_stability.pdf, id=218, 451.6875pt x 301.125pt>
File: qr_stability.pdf Graphic file (type pdf)
<use qr_stability.pdf>
Package pdftex.def Info: qr_stability.pdf  used on input line 1258.
(pdftex.def)             Requested size: 296.30812pt x 197.54846pt.

LaTeX Warning: Reference `fig:stability' on page 24 undefined on input line 126
3.

[24 <./qr_linear.pdf> <./rq_linear.pdf

pdfTeX warning: /Library/TeX/texbin/pdflatex (file ./rq_linear.pdf): PDF inclus
ion: multiple pdfs with page group included in a single page
>]

LaTeX Warning: Citation `chandrasekaran2002fast' on page 25 undefined on input 
line 1277.

[25 <./qr_stability.pdf>]
<qr_comparison.pdf, id=3066, 451.6875pt x 301.125pt>
File: qr_comparison.pdf Graphic file (type pdf)
<use qr_comparison.pdf>
Package pdftex.def Info: qr_comparison.pdf  used on input line 1284.
(pdftex.def)             Requested size: 296.30812pt x 197.54846pt.


LaTeX Warning: Citation `massei2020hm' on page 26 undefined on input line 1285.



LaTeX Warning: Citation `massei2020hm' on page 26 undefined on input line 1285.



LaTeX Warning: Citation `massei2020hm' on page 26 undefined on input line 1289.



LaTeX Warning: Reference `fig:comparison' on page 26 undefined on input line 12
91.


LaTeX Warning: Reference `algo:fastqr' on page 26 undefined on input line 1301.



LaTeX Warning: Reference `algo_applyQ' on page 26 undefined on input line 1303.



LaTeX Warning: Reference `algo_backsub' on page 26 undefined on input line 1305
.


LaTeX Warning: Reference `algo:fastrq' on page 26 undefined on input line 1308.


[26 <./qr_comparison.pdf>]
Overfull \hbox (2.83919pt too wide) in paragraph at lines 1310--1311
\OT1/cmr/m/n/10 proach, while demon-strat-ing sig-nif-i-cant per-for-mance ad-v
an-tages over ex-ist-ing HODLR-|
 []


LaTeX Warning: Citation `knook2024quasi' on page 27 undefined on input line 131
5.

(./article.bbl)
\tf@thm=\write5
\openout5 = `article.thm'.

 [27] (./article.aux)

LaTeX Warning: There were undefined references.


LaTeX Warning: Label(s) may have changed. Rerun to get cross-references right.


Package rerunfilecheck Warning: File `article.out' has changed.
(rerunfilecheck)                Rerun to get outlines right
(rerunfilecheck)                or use package `bookmark'.

Package rerunfilecheck Info: Checksums for `article.out':
(rerunfilecheck)             Before: D41D8CD98F00B204E9800998ECF8427E;0
(rerunfilecheck)             After:  8B2B348F2B3E3A4C807C41C918CCEB0D;4869.
 ) 
Here is how much of TeX's memory you used:
 24513 strings out of 476025
 466115 string characters out of 5790016
 1883388 words of memory out of 5000000
 44414 multiletter control sequences out of 15000+600000
 523690 words of font info for 73 fonts, out of 8000000 for 9000
 1141 hyphenation exceptions out of 8191
 99i,18n,94p,1586b,610s stack positions out of 10000i,1000n,20000p,200000b,200000s
</usr/local/texlive/2023/texmf-dist/fonts/type1/public/amsfonts/cm/cmbx10.pfb
></usr/local/texlive/2023/texmf-dist/fonts/type1/public/amsfonts/cm/cmbx7.pfb><
/usr/local/texlive/2023/texmf-dist/fonts/type1/public/amsfonts/cm/cmbx8.pfb></u
sr/local/texlive/2023/texmf-dist/fonts/type1/public/amsfonts/cm/cmcsc10.pfb></u
sr/local/texlive/2023/texmf-dist/fonts/type1/public/amsfonts/cm/cmex10.pfb></us
r/local/texlive/2023/texmf-dist/fonts/type1/public/amsfonts/cm/cmmi10.pfb></usr
/local/texlive/2023/texmf-dist/fonts/type1/public/amsfonts/cm/cmmi5.pfb></usr/l
ocal/texlive/2023/texmf-dist/fonts/type1/public/amsfonts/cm/cmmi7.pfb></usr/loc
al/texlive/2023/texmf-dist/fonts/type1/public/amsfonts/cm/cmmi8.pfb></usr/local
/texlive/2023/texmf-dist/fonts/type1/public/amsfonts/cm/cmmib10.pfb></usr/local
/texlive/2023/texmf-dist/fonts/type1/public/amsfonts/cm/cmr10.pfb></usr/local/t
exlive/2023/texmf-dist/fonts/type1/public/amsfonts/cm/cmr5.pfb></usr/local/texl
ive/2023/texmf-dist/fonts/type1/public/amsfonts/cm/cmr6.pfb></usr/local/texlive
/2023/texmf-dist/fonts/type1/public/amsfonts/cm/cmr7.pfb></usr/local/texlive/20
23/texmf-dist/fonts/type1/public/amsfonts/cm/cmr8.pfb></usr/local/texlive/2023/
texmf-dist/fonts/type1/public/amsfonts/cm/cmsy10.pfb></usr/local/texlive/2023/t
exmf-dist/fonts/type1/public/amsfonts/cm/cmsy5.pfb></usr/local/texlive/2023/tex
mf-dist/fonts/type1/public/amsfonts/cm/cmsy6.pfb></usr/local/texlive/2023/texmf
-dist/fonts/type1/public/amsfonts/cm/cmsy7.pfb></usr/local/texlive/2023/texmf-d
ist/fonts/type1/public/amsfonts/cm/cmsy8.pfb></usr/local/texlive/2023/texmf-dis
t/fonts/type1/public/amsfonts/cm/cmti10.pfb></usr/local/texlive/2023/texmf-dist
/fonts/type1/public/amsfonts/cm/cmti7.pfb></usr/local/texlive/2023/texmf-dist/f
onts/type1/public/amsfonts/cm/cmti8.pfb></usr/local/texlive/2023/texmf-dist/fon
ts/type1/public/amsfonts/symbols/msbm10.pfb></usr/local/texlive/2023/texmf-dist
/fonts/type1/public/amsfonts/symbols/msbm7.pfb>
Output written on article.pdf (27 pages, 847051 bytes).
PDF statistics:
 3531 PDF objects out of 3580 (max. 8388607)
 2385 compressed objects within 24 object streams
 130 named destinations out of 1000 (max. 500000)
 33 words of extra memory for PDF output out of 10000 (max. 10000000)

